<?xml version="1.0" encoding="UTF-8"?>
<!-- Generated by org.testng.reporters.JUnitXMLReporter -->
<testsuite hostname="Jyothi" ignored="0" name="Test" tests="5" failures="0" timestamp="2023-06-29T20:59:01 IST" time="53.056" errors="0">
  <testcase name="verifyLoginWithValidCredientials" time="0.579" classname="TestNG.Login"/>
  <testcase name="verifyLoginWithValidCredientials" time="0.576" classname="TestNG.Login"/>
  <testcase name="verifyLoginWithValidCredientials" time="0.575" classname="TestNG.Login"/>
  <testcase name="verifyLoginWithInValidCredientials" time="0.718" classname="TestNG.Login"/>
  <testcase name="register" time="4.124" classname="TestNG.Register"/>
</testsuite> <!-- Test -->
