<?xml version="1.0" encoding="UTF-8"?>
<testng-results ignored="0" total="1" passed="1" failed="0" skipped="0">
  <reporter-output>
  </reporter-output>
  <suite started-at="2024-01-23T13:08:00 IST" name="Default suite" finished-at="2024-01-23T13:08:02 IST" duration-ms="1401">
    <groups>
    </groups>
    <test started-at="2024-01-23T13:08:00 IST" name="Default test" finished-at="2024-01-23T13:08:02 IST" duration-ms="1401">
      <class name="JsonPractice.JsonObject">
        <test-method signature="test2()[pri:0, instance:JsonPractice.JsonObject@48f2bd5b]" started-at="2024-01-23T13:08:00 IST" name="test2" finished-at="2024-01-23T13:08:02 IST" duration-ms="1368" status="PASS">
          <reporter-output>
          </reporter-output>
        </test-method> <!-- test2 -->
      </class> <!-- JsonPractice.JsonObject -->
    </test> <!-- Default test -->
  </suite> <!-- Default suite -->
</testng-results>
